2023-03-20 23:52:55.805 [main] INFO  org.example.Main - [FACTORIAL] - 5
2023-03-20 23:52:55.809 [main] INFO  org.example.Main - [RESULT - FACTORIAL] - 120
2023-03-21 00:02:14.470 [main] INFO  org.example.Main - [SQ ROOT] - 64.0
2023-03-21 00:02:14.473 [main] INFO  org.example.Main - [RESULT - SQ ROOT] - 8.0
2023-03-21 00:02:26.356 [main] INFO  org.example.Main - [FACTORIAL] - 5
2023-03-21 00:02:26.357 [main] INFO  org.example.Main - [RESULT - FACTORIAL] - 120
2023-03-21 00:02:37.196 [main] INFO  org.example.Main - [SQ ROOT] - 66.0
2023-03-21 00:02:37.196 [main] INFO  org.example.Main - [RESULT - SQ ROOT] - 8.12403840463596
2023-03-21 00:31:53.762 [main] INFO  org.example.Main - [POWER - 5.0 RAISED TO] 3.0
2023-03-21 00:31:53.764 [main] INFO  org.example.Main - [RESULT - POWER] - 125.0
2023-03-21 00:42:24.320 [main] INFO  org.example.Main - [NATURAL LOG] - 8.0
2023-03-21 00:42:24.322 [main] INFO  org.example.Main - [RESULT - NATURAL LOG] - 2.0794415416798357
2023-03-21 00:44:18.328 [main] INFO  org.example.Main - [FACTORIAL] - 7.0
2023-03-21 00:44:18.334 [main] INFO  org.example.Main - [RESULT - FACTORIAL] - 5040.0
2023-03-21 00:44:40.018 [main] INFO  org.example.Main - [FACTORIAL] - 5.0
2023-03-21 00:44:40.019 [main] INFO  org.example.Main - [RESULT - FACTORIAL] - 120.0
2023-03-21 00:59:08.827 [main] INFO  org.example.Main - [SQ ROOT] - -5.0
2023-03-21 00:59:08.830 [main] INFO  org.example.Main - [RESULT - SQ ROOT] - NaN
2023-03-21 00:59:31.726 [main] INFO  org.example.Main - [NATURAL LOG] - 0.0
2023-03-21 00:59:31.727 [main] INFO  org.example.Main - [RESULT - NATURAL LOG] - NaN
2023-03-21 01:04:57.763 [main] INFO  org.example.Main - [FACTORIAL] - -9.0
2023-03-21 01:04:57.765 [main] INFO  org.example.Main - [RESULT - FACTORIAL] - NaN
2023-03-21 01:05:13.033 [main] INFO  org.example.Main - [FACTORIAL] - -0.0
2023-03-21 01:05:13.033 [main] INFO  org.example.Main - [RESULT - FACTORIAL] - 1.0
2023-03-21 01:49:52.567 [main] INFO  org.example.Main - [FACTORIAL] - 4.0
2023-03-21 01:49:52.569 [main] INFO  org.example.Main - [RESULT - FACTORIAL] - 24.0
2023-03-21 01:49:52.569 [main] INFO  org.example.Main - [FACTORIAL] - 5.0
2023-03-21 01:49:52.569 [main] INFO  org.example.Main - [RESULT - FACTORIAL] - 120.0
2023-03-21 01:49:52.573 [main] INFO  org.example.Main - [FACTORIAL] - 0.0
2023-03-21 01:49:52.574 [main] INFO  org.example.Main - [RESULT - FACTORIAL] - 1.0
2023-03-21 01:50:18.572 [main] INFO  org.example.Main - [FACTORIAL] - 4.0
2023-03-21 01:50:18.574 [main] INFO  org.example.Main - [RESULT - FACTORIAL] - 24.0
2023-03-21 01:50:18.574 [main] INFO  org.example.Main - [FACTORIAL] - 5.0
2023-03-21 01:50:18.574 [main] INFO  org.example.Main - [RESULT - FACTORIAL] - 120.0
2023-03-21 01:50:18.578 [main] INFO  org.example.Main - [FACTORIAL] - 0.0
2023-03-21 01:50:18.579 [main] INFO  org.example.Main - [RESULT - FACTORIAL] - 1.0
2023-03-21 01:50:18.579 [main] INFO  org.example.Main - [FACTORIAL] - 10.0
2023-03-21 01:50:18.579 [main] INFO  org.example.Main - [RESULT - FACTORIAL] - 3628800.0
2023-03-21 01:50:49.146 [main] INFO  org.example.Main - [FACTORIAL] - 4.0
2023-03-21 01:50:49.148 [main] INFO  org.example.Main - [RESULT - FACTORIAL] - 24.0
2023-03-21 01:50:49.149 [main] INFO  org.example.Main - [FACTORIAL] - 5.0
2023-03-21 01:50:49.149 [main] INFO  org.example.Main - [RESULT - FACTORIAL] - 120.0
2023-03-21 01:50:49.154 [main] INFO  org.example.Main - [FACTORIAL] - 0.0
2023-03-21 01:50:49.155 [main] INFO  org.example.Main - [RESULT - FACTORIAL] - 1.0
2023-03-21 01:50:49.155 [main] INFO  org.example.Main - [FACTORIAL] - 10.0
2023-03-21 01:50:49.155 [main] INFO  org.example.Main - [RESULT - FACTORIAL] - 3628800.0
